[07-Nov-2017 12:24:26 UTC] PHP Parse error:  syntax error, unexpected '=>' (T_DOUBLE_ARROW) in /home/ubuntu/workspace/ci/application/controllers/Usuario.php on line 13
[07-Nov-2017 12:24:26 UTC] PHP Stack trace:
[07-Nov-2017 12:24:26 UTC] PHP   1. {main}() /home/ubuntu/workspace/ci/index.php:0
[07-Nov-2017 12:24:26 UTC] PHP   2. require_once() /home/ubuntu/workspace/ci/index.php:320
[07-Nov-2017 12:26:24 UTC] PHP Parse error:  syntax error, unexpected '=>' (T_DOUBLE_ARROW) in /home/ubuntu/workspace/ci/application/controllers/Usuario.php on line 13
[07-Nov-2017 12:26:24 UTC] PHP Stack trace:
[07-Nov-2017 12:26:24 UTC] PHP   1. {main}() /home/ubuntu/workspace/ci/index.php:0
[07-Nov-2017 12:26:24 UTC] PHP   2. require_once() /home/ubuntu/workspace/ci/index.php:320
[07-Nov-2017 12:29:59 UTC] PHP Parse error:  syntax error, unexpected '=>' (T_DOUBLE_ARROW) in /home/ubuntu/workspace/ci/application/controllers/Usuario.php on line 17
[07-Nov-2017 12:29:59 UTC] PHP Stack trace:
[07-Nov-2017 12:29:59 UTC] PHP   1. {main}() /home/ubuntu/workspace/ci/index.php:0
[07-Nov-2017 12:29:59 UTC] PHP   2. require_once() /home/ubuntu/workspace/ci/index.php:320
[07-Nov-2017 12:31:11 UTC] PHP Parse error:  syntax error, unexpected '=>' (T_DOUBLE_ARROW) in /home/ubuntu/workspace/ci/application/controllers/Usuario.php on line 22
[07-Nov-2017 12:31:11 UTC] PHP Stack trace:
[07-Nov-2017 12:31:11 UTC] PHP   1. {main}() /home/ubuntu/workspace/ci/index.php:0
[07-Nov-2017 12:31:11 UTC] PHP   2. require_once() /home/ubuntu/workspace/ci/index.php:320
[07-Nov-2017 12:50:07 UTC] PHP Parse error:  syntax error, unexpected '=>' (T_DOUBLE_ARROW) in /home/ubuntu/workspace/ci/application/controllers/Usuario.php on line 18
[07-Nov-2017 12:50:07 UTC] PHP Stack trace:
[07-Nov-2017 12:50:07 UTC] PHP   1. {main}() /home/ubuntu/workspace/ci/index.php:0
[07-Nov-2017 12:50:07 UTC] PHP   2. require_once() /home/ubuntu/workspace/ci/index.php:320
[07-Nov-2017 12:50:09 UTC] PHP Parse error:  syntax error, unexpected '=>' (T_DOUBLE_ARROW) in /home/ubuntu/workspace/ci/application/controllers/Usuario.php on line 18
[07-Nov-2017 12:50:09 UTC] PHP Stack trace:
[07-Nov-2017 12:50:09 UTC] PHP   1. {main}() /home/ubuntu/workspace/ci/index.php:0
[07-Nov-2017 12:50:09 UTC] PHP   2. require_once() /home/ubuntu/workspace/ci/index.php:320
[07-Nov-2017 12:50:24 UTC] PHP Parse error:  syntax error, unexpected '=>' (T_DOUBLE_ARROW) in /home/ubuntu/workspace/ci/application/controllers/Usuario.php on line 18
[07-Nov-2017 12:50:24 UTC] PHP Stack trace:
[07-Nov-2017 12:50:24 UTC] PHP   1. {main}() /home/ubuntu/workspace/ci/index.php:0
[07-Nov-2017 12:50:24 UTC] PHP   2. require_once() /home/ubuntu/workspace/ci/index.php:320
[07-Nov-2017 12:57:38 UTC] PHP Parse error:  syntax error, unexpected '=>' (T_DOUBLE_ARROW) in /home/ubuntu/workspace/ci/application/controllers/Usuario.php on line 18
[07-Nov-2017 12:57:38 UTC] PHP Stack trace:
[07-Nov-2017 12:57:38 UTC] PHP   1. {main}() /home/ubuntu/workspace/ci/index.php:0
[07-Nov-2017 12:57:38 UTC] PHP   2. require_once() /home/ubuntu/workspace/ci/index.php:320
[07-Nov-2017 13:10:41 UTC] PHP Parse error:  syntax error, unexpected '=>' (T_DOUBLE_ARROW) in /home/ubuntu/workspace/ci/application/controllers/Usuario.php on line 18
[07-Nov-2017 13:10:41 UTC] PHP Stack trace:
[07-Nov-2017 13:10:41 UTC] PHP   1. {main}() /home/ubuntu/workspace/ci/index.php:0
[07-Nov-2017 13:10:41 UTC] PHP   2. require_once() /home/ubuntu/workspace/ci/index.php:320
[07-Nov-2017 13:13:19 UTC] PHP Parse error:  syntax error, unexpected '=>' (T_DOUBLE_ARROW) in /home/ubuntu/workspace/ci/application/controllers/Usuario.php on line 18
[07-Nov-2017 13:13:19 UTC] PHP Stack trace:
[07-Nov-2017 13:13:19 UTC] PHP   1. {main}() /home/ubuntu/workspace/ci/index.php:0
[07-Nov-2017 13:13:19 UTC] PHP   2. require_once() /home/ubuntu/workspace/ci/index.php:320
[07-Nov-2017 13:14:57 UTC] PHP Parse error:  syntax error, unexpected ',' in /home/ubuntu/workspace/ci/application/controllers/Usuario.php on line 18
[07-Nov-2017 13:14:57 UTC] PHP Stack trace:
[07-Nov-2017 13:14:57 UTC] PHP   1. {main}() /home/ubuntu/workspace/ci/index.php:0
[07-Nov-2017 13:14:57 UTC] PHP   2. require_once() /home/ubuntu/workspace/ci/index.php:320
[07-Nov-2017 13:15:24 UTC] PHP Parse error:  syntax error, unexpected ',' in /home/ubuntu/workspace/ci/application/controllers/Usuario.php on line 18
[07-Nov-2017 13:15:24 UTC] PHP Stack trace:
[07-Nov-2017 13:15:24 UTC] PHP   1. {main}() /home/ubuntu/workspace/ci/index.php:0
[07-Nov-2017 13:15:24 UTC] PHP   2. require_once() /home/ubuntu/workspace/ci/index.php:320
[07-Nov-2017 15:45:30 UTC] PHP Parse error:  syntax error, unexpected end of file in /home/ubuntu/workspace/ci/application/config/routes.php on line 55
[07-Nov-2017 15:45:30 UTC] PHP Stack trace:
[07-Nov-2017 15:45:30 UTC] PHP   1. {main}() /home/ubuntu/workspace/ci/index.php:0
[07-Nov-2017 15:45:30 UTC] PHP   2. require_once() /home/ubuntu/workspace/ci/index.php:320
[07-Nov-2017 15:45:30 UTC] PHP   3. load_class() /home/ubuntu/workspace/ci/system/core/CodeIgniter.php:311
[07-Nov-2017 15:45:30 UTC] PHP   4. CI_Router->__construct() /home/ubuntu/workspace/ci/system/core/Common.php:196
[07-Nov-2017 15:45:30 UTC] PHP   5. CI_Router->_set_routing() /home/ubuntu/workspace/ci/system/core/Router.php:133
[07-Nov-2017 15:45:37 UTC] PHP Parse error:  syntax error, unexpected end of file in /home/ubuntu/workspace/ci/application/config/routes.php on line 55
[07-Nov-2017 15:45:37 UTC] PHP Stack trace:
[07-Nov-2017 15:45:37 UTC] PHP   1. {main}() /home/ubuntu/workspace/ci/index.php:0
[07-Nov-2017 15:45:37 UTC] PHP   2. require_once() /home/ubuntu/workspace/ci/index.php:320
[07-Nov-2017 15:45:37 UTC] PHP   3. load_class() /home/ubuntu/workspace/ci/system/core/CodeIgniter.php:311
[07-Nov-2017 15:45:37 UTC] PHP   4. CI_Router->__construct() /home/ubuntu/workspace/ci/system/core/Common.php:196
[07-Nov-2017 15:45:37 UTC] PHP   5. CI_Router->_set_routing() /home/ubuntu/workspace/ci/system/core/Router.php:133
[07-Nov-2017 15:45:48 UTC] PHP Parse error:  syntax error, unexpected end of file in /home/ubuntu/workspace/ci/application/config/routes.php on line 55
[07-Nov-2017 15:45:48 UTC] PHP Stack trace:
[07-Nov-2017 15:45:48 UTC] PHP   1. {main}() /home/ubuntu/workspace/ci/index.php:0
[07-Nov-2017 15:45:48 UTC] PHP   2. require_once() /home/ubuntu/workspace/ci/index.php:320
[07-Nov-2017 15:45:48 UTC] PHP   3. load_class() /home/ubuntu/workspace/ci/system/core/CodeIgniter.php:311
[07-Nov-2017 15:45:48 UTC] PHP   4. CI_Router->__construct() /home/ubuntu/workspace/ci/system/core/Common.php:196
[07-Nov-2017 15:45:48 UTC] PHP   5. CI_Router->_set_routing() /home/ubuntu/workspace/ci/system/core/Router.php:133
[07-Nov-2017 15:45:52 UTC] PHP Parse error:  syntax error, unexpected end of file in /home/ubuntu/workspace/ci/application/config/routes.php on line 55
[07-Nov-2017 15:45:52 UTC] PHP Stack trace:
[07-Nov-2017 15:45:52 UTC] PHP   1. {main}() /home/ubuntu/workspace/ci/index.php:0
[07-Nov-2017 15:45:52 UTC] PHP   2. require_once() /home/ubuntu/workspace/ci/index.php:320
[07-Nov-2017 15:45:52 UTC] PHP   3. load_class() /home/ubuntu/workspace/ci/system/core/CodeIgniter.php:311
[07-Nov-2017 15:45:52 UTC] PHP   4. CI_Router->__construct() /home/ubuntu/workspace/ci/system/core/Common.php:196
[07-Nov-2017 15:45:52 UTC] PHP   5. CI_Router->_set_routing() /home/ubuntu/workspace/ci/system/core/Router.php:133
[08-Nov-2017 14:56:35 UTC] PHP Fatal error:  require_once(): Failed opening required '/home/ubuntu/workspace/ci/application/models/usuario.php' (include_path='.:/usr/share/php:/usr/share/pear') in /home/ubuntu/workspace/ci/application/controllers/Login.php on line 16
[08-Nov-2017 14:56:35 UTC] PHP Stack trace:
[08-Nov-2017 14:56:35 UTC] PHP   1. {main}() /home/ubuntu/workspace/ci/index.php:0
[08-Nov-2017 14:56:35 UTC] PHP   2. require_once() /home/ubuntu/workspace/ci/index.php:320
[08-Nov-2017 14:56:35 UTC] PHP   3. call_user_func_array:{/home/ubuntu/workspace/ci/system/core/CodeIgniter.php:532}() /home/ubuntu/workspace/ci/system/core/CodeIgniter.php:532
[08-Nov-2017 14:56:35 UTC] PHP   4. Login->auth() /home/ubuntu/workspace/ci/system/core/CodeIgniter.php:532
[08-Nov-2017 15:02:20 UTC] PHP Fatal error:  require_once(): Failed opening required '/home/ubuntu/workspace/ci/application/models/usuario.php' (include_path='.:/usr/share/php:/usr/share/pear') in /home/ubuntu/workspace/ci/application/controllers/Login.php on line 16
[08-Nov-2017 15:02:20 UTC] PHP Stack trace:
[08-Nov-2017 15:02:20 UTC] PHP   1. {main}() /home/ubuntu/workspace/ci/index.php:0
[08-Nov-2017 15:02:20 UTC] PHP   2. require_once() /home/ubuntu/workspace/ci/index.php:320
[08-Nov-2017 15:02:20 UTC] PHP   3. call_user_func_array:{/home/ubuntu/workspace/ci/system/core/CodeIgniter.php:532}() /home/ubuntu/workspace/ci/system/core/CodeIgniter.php:532
[08-Nov-2017 15:02:20 UTC] PHP   4. Login->auth() /home/ubuntu/workspace/ci/system/core/CodeIgniter.php:532
[08-Nov-2017 15:13:45 UTC] PHP Fatal error:  require_once(): Failed opening required '/home/ubuntu/workspace/ci/application/models/usuario.php' (include_path='.:/usr/share/php:/usr/share/pear') in /home/ubuntu/workspace/ci/application/controllers/Login.php on line 16
[08-Nov-2017 15:13:45 UTC] PHP Stack trace:
[08-Nov-2017 15:13:45 UTC] PHP   1. {main}() /home/ubuntu/workspace/ci/index.php:0
[08-Nov-2017 15:13:45 UTC] PHP   2. require_once() /home/ubuntu/workspace/ci/index.php:320
[08-Nov-2017 15:13:45 UTC] PHP   3. call_user_func_array:{/home/ubuntu/workspace/ci/system/core/CodeIgniter.php:532}() /home/ubuntu/workspace/ci/system/core/CodeIgniter.php:532
[08-Nov-2017 15:13:45 UTC] PHP   4. Login->auth() /home/ubuntu/workspace/ci/system/core/CodeIgniter.php:532
[08-Nov-2017 15:13:55 UTC] PHP Fatal error:  require_once(): Failed opening required '/home/ubuntu/workspace/ci/application/models/usuario.php' (include_path='.:/usr/share/php:/usr/share/pear') in /home/ubuntu/workspace/ci/application/controllers/Login.php on line 16
[08-Nov-2017 15:13:55 UTC] PHP Stack trace:
[08-Nov-2017 15:13:55 UTC] PHP   1. {main}() /home/ubuntu/workspace/ci/index.php:0
[08-Nov-2017 15:13:55 UTC] PHP   2. require_once() /home/ubuntu/workspace/ci/index.php:320
[08-Nov-2017 15:13:55 UTC] PHP   3. call_user_func_array:{/home/ubuntu/workspace/ci/system/core/CodeIgniter.php:532}() /home/ubuntu/workspace/ci/system/core/CodeIgniter.php:532
[08-Nov-2017 15:13:55 UTC] PHP   4. Login->auth() /home/ubuntu/workspace/ci/system/core/CodeIgniter.php:532
[08-Nov-2017 15:22:16 UTC] PHP Fatal error:  require_once(): Failed opening required '/home/ubuntu/workspace/ci/application/models/usuario.php' (include_path='.:/usr/share/php:/usr/share/pear') in /home/ubuntu/workspace/ci/application/controllers/Login.php on line 16
[08-Nov-2017 15:22:16 UTC] PHP Stack trace:
[08-Nov-2017 15:22:16 UTC] PHP   1. {main}() /home/ubuntu/workspace/ci/index.php:0
[08-Nov-2017 15:22:16 UTC] PHP   2. require_once() /home/ubuntu/workspace/ci/index.php:320
[08-Nov-2017 15:22:16 UTC] PHP   3. call_user_func_array:{/home/ubuntu/workspace/ci/system/core/CodeIgniter.php:532}() /home/ubuntu/workspace/ci/system/core/CodeIgniter.php:532
[08-Nov-2017 15:22:16 UTC] PHP   4. Login->auth() /home/ubuntu/workspace/ci/system/core/CodeIgniter.php:532
[08-Nov-2017 15:27:18 UTC] PHP Fatal error:  require_once(): Failed opening required '/home/ubuntu/workspace/ci/application/models/usuario.php' (include_path='.:/usr/share/php:/usr/share/pear') in /home/ubuntu/workspace/ci/application/controllers/Login.php on line 16
[08-Nov-2017 15:27:18 UTC] PHP Stack trace:
[08-Nov-2017 15:27:18 UTC] PHP   1. {main}() /home/ubuntu/workspace/ci/index.php:0
[08-Nov-2017 15:27:18 UTC] PHP   2. require_once() /home/ubuntu/workspace/ci/index.php:320
[08-Nov-2017 15:27:18 UTC] PHP   3. call_user_func_array:{/home/ubuntu/workspace/ci/system/core/CodeIgniter.php:532}() /home/ubuntu/workspace/ci/system/core/CodeIgniter.php:532
[08-Nov-2017 15:27:18 UTC] PHP   4. Login->auth() /home/ubuntu/workspace/ci/system/core/CodeIgniter.php:532
[08-Nov-2017 15:45:07 UTC] PHP Fatal error:  require_once(): Failed opening required '/home/ubuntu/workspace/ci/application/models/usuario.php' (include_path='.:/usr/share/php:/usr/share/pear') in /home/ubuntu/workspace/ci/application/controllers/Login.php on line 16
[08-Nov-2017 15:45:07 UTC] PHP Stack trace:
[08-Nov-2017 15:45:07 UTC] PHP   1. {main}() /home/ubuntu/workspace/ci/index.php:0
[08-Nov-2017 15:45:07 UTC] PHP   2. require_once() /home/ubuntu/workspace/ci/index.php:320
[08-Nov-2017 15:45:07 UTC] PHP   3. call_user_func_array:{/home/ubuntu/workspace/ci/system/core/CodeIgniter.php:532}() /home/ubuntu/workspace/ci/system/core/CodeIgniter.php:532
[08-Nov-2017 15:45:07 UTC] PHP   4. Login->auth() /home/ubuntu/workspace/ci/system/core/CodeIgniter.php:532
[08-Nov-2017 15:45:30 UTC] PHP Fatal error:  require_once(): Failed opening required '/home/ubuntu/workspace/ci/application/models/usuario.php' (include_path='.:/usr/share/php:/usr/share/pear') in /home/ubuntu/workspace/ci/application/controllers/Login.php on line 16
[08-Nov-2017 15:45:30 UTC] PHP Stack trace:
[08-Nov-2017 15:45:30 UTC] PHP   1. {main}() /home/ubuntu/workspace/ci/index.php:0
[08-Nov-2017 15:45:30 UTC] PHP   2. require_once() /home/ubuntu/workspace/ci/index.php:320
[08-Nov-2017 15:45:30 UTC] PHP   3. call_user_func_array:{/home/ubuntu/workspace/ci/system/core/CodeIgniter.php:532}() /home/ubuntu/workspace/ci/system/core/CodeIgniter.php:532
[08-Nov-2017 15:45:30 UTC] PHP   4. Login->auth() /home/ubuntu/workspace/ci/system/core/CodeIgniter.php:532
[08-Nov-2017 23:47:54 UTC] PHP Fatal error:  require_once(): Failed opening required '/home/ubuntu/workspace/ci/application/models/usuario.php' (include_path='.:/usr/share/php:/usr/share/pear') in /home/ubuntu/workspace/ci/application/controllers/Login.php on line 16
[08-Nov-2017 23:47:54 UTC] PHP Stack trace:
[08-Nov-2017 23:47:54 UTC] PHP   1. {main}() /home/ubuntu/workspace/ci/index.php:0
[08-Nov-2017 23:47:54 UTC] PHP   2. require_once() /home/ubuntu/workspace/ci/index.php:320
[08-Nov-2017 23:47:54 UTC] PHP   3. call_user_func_array:{/home/ubuntu/workspace/ci/system/core/CodeIgniter.php:532}() /home/ubuntu/workspace/ci/system/core/CodeIgniter.php:532
[08-Nov-2017 23:47:54 UTC] PHP   4. Login->auth() /home/ubuntu/workspace/ci/system/core/CodeIgniter.php:532
[08-Nov-2017 23:52:31 UTC] PHP Fatal error:  require_once(): Failed opening required '/home/ubuntu/workspace/ci/application/models/usuario.php' (include_path='.:/usr/share/php:/usr/share/pear') in /home/ubuntu/workspace/ci/application/controllers/Login.php on line 16
[08-Nov-2017 23:52:31 UTC] PHP Stack trace:
[08-Nov-2017 23:52:31 UTC] PHP   1. {main}() /home/ubuntu/workspace/ci/index.php:0
[08-Nov-2017 23:52:31 UTC] PHP   2. require_once() /home/ubuntu/workspace/ci/index.php:320
[08-Nov-2017 23:52:31 UTC] PHP   3. call_user_func_array:{/home/ubuntu/workspace/ci/system/core/CodeIgniter.php:532}() /home/ubuntu/workspace/ci/system/core/CodeIgniter.php:532
[08-Nov-2017 23:52:31 UTC] PHP   4. Login->auth() /home/ubuntu/workspace/ci/system/core/CodeIgniter.php:532
[08-Nov-2017 23:55:12 UTC] PHP Fatal error:  Class 'CI_Model' not found in /home/ubuntu/workspace/ci/application/models/Usuario.php on line 2
[08-Nov-2017 23:55:12 UTC] PHP Stack trace:
[08-Nov-2017 23:55:12 UTC] PHP   1. {main}() /home/ubuntu/workspace/ci/index.php:0
[08-Nov-2017 23:55:12 UTC] PHP   2. require_once() /home/ubuntu/workspace/ci/index.php:320
[08-Nov-2017 23:55:12 UTC] PHP   3. call_user_func_array:{/home/ubuntu/workspace/ci/system/core/CodeIgniter.php:532}() /home/ubuntu/workspace/ci/system/core/CodeIgniter.php:532
[08-Nov-2017 23:55:12 UTC] PHP   4. Login->auth() /home/ubuntu/workspace/ci/system/core/CodeIgniter.php:532
[08-Nov-2017 23:55:12 UTC] PHP   5. require_once() /home/ubuntu/workspace/ci/application/controllers/Login.php:16
[08-Nov-2017 23:56:40 UTC] PHP Fatal error:  Class 'CI_Model' not found in /home/ubuntu/workspace/ci/application/models/Usuario.php on line 2
[08-Nov-2017 23:56:40 UTC] PHP Stack trace:
[08-Nov-2017 23:56:40 UTC] PHP   1. {main}() /home/ubuntu/workspace/ci/index.php:0
[08-Nov-2017 23:56:40 UTC] PHP   2. require_once() /home/ubuntu/workspace/ci/index.php:320
[08-Nov-2017 23:56:40 UTC] PHP   3. call_user_func_array:{/home/ubuntu/workspace/ci/system/core/CodeIgniter.php:532}() /home/ubuntu/workspace/ci/system/core/CodeIgniter.php:532
[08-Nov-2017 23:56:40 UTC] PHP   4. Login->auth() /home/ubuntu/workspace/ci/system/core/CodeIgniter.php:532
[08-Nov-2017 23:56:40 UTC] PHP   5. require_once() /home/ubuntu/workspace/ci/application/controllers/Login.php:18
[08-Nov-2017 23:56:56 UTC] PHP Fatal error:  Class 'CI_Model' not found in /home/ubuntu/workspace/ci/application/models/Usuario.php on line 2
[08-Nov-2017 23:56:56 UTC] PHP Stack trace:
[08-Nov-2017 23:56:56 UTC] PHP   1. {main}() /home/ubuntu/workspace/ci/index.php:0
[08-Nov-2017 23:56:56 UTC] PHP   2. require_once() /home/ubuntu/workspace/ci/index.php:320
[08-Nov-2017 23:56:56 UTC] PHP   3. call_user_func_array:{/home/ubuntu/workspace/ci/system/core/CodeIgniter.php:532}() /home/ubuntu/workspace/ci/system/core/CodeIgniter.php:532
[08-Nov-2017 23:56:56 UTC] PHP   4. Login->auth() /home/ubuntu/workspace/ci/system/core/CodeIgniter.php:532
[08-Nov-2017 23:56:56 UTC] PHP   5. require_once() /home/ubuntu/workspace/ci/application/controllers/Login.php:18
[09-Nov-2017 00:39:59 UTC] PHP Fatal error:  Class 'CI_Model' not found in /home/ubuntu/workspace/ci/application/models/Usuario.php on line 2
[09-Nov-2017 00:39:59 UTC] PHP Stack trace:
[09-Nov-2017 00:39:59 UTC] PHP   1. {main}() /home/ubuntu/workspace/ci/index.php:0
[09-Nov-2017 00:39:59 UTC] PHP   2. require_once() /home/ubuntu/workspace/ci/index.php:320
[09-Nov-2017 00:39:59 UTC] PHP   3. call_user_func_array:{/home/ubuntu/workspace/ci/system/core/CodeIgniter.php:532}() /home/ubuntu/workspace/ci/system/core/CodeIgniter.php:532
[09-Nov-2017 00:39:59 UTC] PHP   4. Login->auth() /home/ubuntu/workspace/ci/system/core/CodeIgniter.php:532
[09-Nov-2017 00:39:59 UTC] PHP   5. require_once() /home/ubuntu/workspace/ci/application/controllers/Login.php:16
[09-Nov-2017 00:42:47 UTC] PHP Fatal error:  Class 'CI_Model' not found in /home/ubuntu/workspace/ci/application/models/Usuario.php on line 2
[09-Nov-2017 00:42:47 UTC] PHP Stack trace:
[09-Nov-2017 00:42:47 UTC] PHP   1. {main}() /home/ubuntu/workspace/ci/index.php:0
[09-Nov-2017 00:42:47 UTC] PHP   2. require_once() /home/ubuntu/workspace/ci/index.php:320
[09-Nov-2017 00:42:47 UTC] PHP   3. call_user_func_array:{/home/ubuntu/workspace/ci/system/core/CodeIgniter.php:532}() /home/ubuntu/workspace/ci/system/core/CodeIgniter.php:532
[09-Nov-2017 00:42:47 UTC] PHP   4. Login->auth() /home/ubuntu/workspace/ci/system/core/CodeIgniter.php:532
[09-Nov-2017 00:42:47 UTC] PHP   5. require_once() /home/ubuntu/workspace/ci/application/controllers/Login.php:16
[09-Nov-2017 00:44:28 UTC] PHP Fatal error:  Class 'CI_Model' not found in /home/ubuntu/workspace/ci/application/models/Usuario.php on line 2
[09-Nov-2017 00:44:28 UTC] PHP Stack trace:
[09-Nov-2017 00:44:28 UTC] PHP   1. {main}() /home/ubuntu/workspace/ci/index.php:0
[09-Nov-2017 00:44:28 UTC] PHP   2. require_once() /home/ubuntu/workspace/ci/index.php:320
[09-Nov-2017 00:44:28 UTC] PHP   3. call_user_func_array:{/home/ubuntu/workspace/ci/system/core/CodeIgniter.php:532}() /home/ubuntu/workspace/ci/system/core/CodeIgniter.php:532
[09-Nov-2017 00:44:28 UTC] PHP   4. Login->auth() /home/ubuntu/workspace/ci/system/core/CodeIgniter.php:532
[09-Nov-2017 00:44:28 UTC] PHP   5. require_once() /home/ubuntu/workspace/ci/application/controllers/Login.php:16
[09-Nov-2017 00:49:27 UTC] PHP Fatal error:  Class 'CI_Model' not found in /home/ubuntu/workspace/ci/application/models/Usuario.php on line 2
[09-Nov-2017 00:49:27 UTC] PHP Stack trace:
[09-Nov-2017 00:49:27 UTC] PHP   1. {main}() /home/ubuntu/workspace/ci/index.php:0
[09-Nov-2017 00:49:27 UTC] PHP   2. require_once() /home/ubuntu/workspace/ci/index.php:320
[09-Nov-2017 00:49:27 UTC] PHP   3. call_user_func_array:{/home/ubuntu/workspace/ci/system/core/CodeIgniter.php:532}() /home/ubuntu/workspace/ci/system/core/CodeIgniter.php:532
[09-Nov-2017 00:49:27 UTC] PHP   4. Login->auth() /home/ubuntu/workspace/ci/system/core/CodeIgniter.php:532
[09-Nov-2017 00:49:27 UTC] PHP   5. require_once() /home/ubuntu/workspace/ci/application/controllers/Login.php:16
[09-Nov-2017 00:52:10 UTC] PHP Fatal error:  Class 'CI_Model' not found in /home/ubuntu/workspace/ci/application/models/Usuario.php on line 2
[09-Nov-2017 00:52:10 UTC] PHP Stack trace:
[09-Nov-2017 00:52:10 UTC] PHP   1. {main}() /home/ubuntu/workspace/ci/index.php:0
[09-Nov-2017 00:52:10 UTC] PHP   2. require_once() /home/ubuntu/workspace/ci/index.php:320
[09-Nov-2017 00:52:10 UTC] PHP   3. call_user_func_array:{/home/ubuntu/workspace/ci/system/core/CodeIgniter.php:532}() /home/ubuntu/workspace/ci/system/core/CodeIgniter.php:532
[09-Nov-2017 00:52:10 UTC] PHP   4. Login->auth() /home/ubuntu/workspace/ci/system/core/CodeIgniter.php:532
[09-Nov-2017 00:52:10 UTC] PHP   5. require_once() /home/ubuntu/workspace/ci/application/controllers/Login.php:16
[09-Nov-2017 00:52:38 UTC] PHP Fatal error:  Class 'CI_Model' not found in /home/ubuntu/workspace/ci/application/models/Usuario.php on line 2
[09-Nov-2017 00:52:38 UTC] PHP Stack trace:
[09-Nov-2017 00:52:38 UTC] PHP   1. {main}() /home/ubuntu/workspace/ci/index.php:0
[09-Nov-2017 00:52:38 UTC] PHP   2. require_once() /home/ubuntu/workspace/ci/index.php:320
[09-Nov-2017 00:52:38 UTC] PHP   3. call_user_func_array:{/home/ubuntu/workspace/ci/system/core/CodeIgniter.php:532}() /home/ubuntu/workspace/ci/system/core/CodeIgniter.php:532
[09-Nov-2017 00:52:38 UTC] PHP   4. Login->auth() /home/ubuntu/workspace/ci/system/core/CodeIgniter.php:532
[09-Nov-2017 00:52:38 UTC] PHP   5. require_once() /home/ubuntu/workspace/ci/application/controllers/Login.php:16
[09-Nov-2017 00:53:07 UTC] PHP Fatal error:  Class 'CI_Model' not found in /home/ubuntu/workspace/ci/application/models/Usuario.php on line 2
[09-Nov-2017 00:53:07 UTC] PHP Stack trace:
[09-Nov-2017 00:53:07 UTC] PHP   1. {main}() /home/ubuntu/workspace/ci/index.php:0
[09-Nov-2017 00:53:07 UTC] PHP   2. require_once() /home/ubuntu/workspace/ci/index.php:320
[09-Nov-2017 00:53:07 UTC] PHP   3. call_user_func_array:{/home/ubuntu/workspace/ci/system/core/CodeIgniter.php:532}() /home/ubuntu/workspace/ci/system/core/CodeIgniter.php:532
[09-Nov-2017 00:53:07 UTC] PHP   4. Login->auth() /home/ubuntu/workspace/ci/system/core/CodeIgniter.php:532
[09-Nov-2017 00:53:07 UTC] PHP   5. require_once() /home/ubuntu/workspace/ci/application/controllers/Login.php:16
[09-Nov-2017 00:53:57 UTC] PHP Fatal error:  Class 'CI_Model' not found in /home/ubuntu/workspace/ci/application/models/Usuario.php on line 2
[09-Nov-2017 00:53:57 UTC] PHP Stack trace:
[09-Nov-2017 00:53:57 UTC] PHP   1. {main}() /home/ubuntu/workspace/ci/index.php:0
[09-Nov-2017 00:53:57 UTC] PHP   2. require_once() /home/ubuntu/workspace/ci/index.php:320
[09-Nov-2017 00:53:57 UTC] PHP   3. call_user_func_array:{/home/ubuntu/workspace/ci/system/core/CodeIgniter.php:532}() /home/ubuntu/workspace/ci/system/core/CodeIgniter.php:532
[09-Nov-2017 00:53:57 UTC] PHP   4. Login->auth() /home/ubuntu/workspace/ci/system/core/CodeIgniter.php:532
[09-Nov-2017 00:53:57 UTC] PHP   5. require_once() /home/ubuntu/workspace/ci/application/controllers/Login.php:16
[09-Nov-2017 00:55:03 UTC] PHP Fatal error:  Class 'CI_Model' not found in /home/ubuntu/workspace/ci/application/models/usuario.php on line 2
[09-Nov-2017 00:55:03 UTC] PHP Stack trace:
[09-Nov-2017 00:55:03 UTC] PHP   1. {main}() /home/ubuntu/workspace/ci/index.php:0
[09-Nov-2017 00:55:03 UTC] PHP   2. require_once() /home/ubuntu/workspace/ci/index.php:320
[09-Nov-2017 00:55:03 UTC] PHP   3. call_user_func_array:{/home/ubuntu/workspace/ci/system/core/CodeIgniter.php:532}() /home/ubuntu/workspace/ci/system/core/CodeIgniter.php:532
[09-Nov-2017 00:55:03 UTC] PHP   4. Login->auth() /home/ubuntu/workspace/ci/system/core/CodeIgniter.php:532
[09-Nov-2017 00:55:03 UTC] PHP   5. require_once() /home/ubuntu/workspace/ci/application/controllers/Login.php:16
[09-Nov-2017 00:55:46 UTC] PHP Fatal error:  Class 'CI_Model' not found in /home/ubuntu/workspace/ci/application/models/usuario.php on line 2
[09-Nov-2017 00:55:46 UTC] PHP Stack trace:
[09-Nov-2017 00:55:46 UTC] PHP   1. {main}() /home/ubuntu/workspace/ci/index.php:0
[09-Nov-2017 00:55:46 UTC] PHP   2. require_once() /home/ubuntu/workspace/ci/index.php:320
[09-Nov-2017 00:55:46 UTC] PHP   3. call_user_func_array:{/home/ubuntu/workspace/ci/system/core/CodeIgniter.php:532}() /home/ubuntu/workspace/ci/system/core/CodeIgniter.php:532
[09-Nov-2017 00:55:46 UTC] PHP   4. Login->auth() /home/ubuntu/workspace/ci/system/core/CodeIgniter.php:532
[09-Nov-2017 00:55:46 UTC] PHP   5. require_once() /home/ubuntu/workspace/ci/application/controllers/Login.php:16
[09-Nov-2017 00:56:19 UTC] PHP Fatal error:  Class 'CI_Model' not found in /home/ubuntu/workspace/ci/application/models/usuario.php on line 2
[09-Nov-2017 00:56:19 UTC] PHP Stack trace:
[09-Nov-2017 00:56:19 UTC] PHP   1. {main}() /home/ubuntu/workspace/ci/index.php:0
[09-Nov-2017 00:56:19 UTC] PHP   2. require_once() /home/ubuntu/workspace/ci/index.php:320
[09-Nov-2017 00:56:19 UTC] PHP   3. call_user_func_array:{/home/ubuntu/workspace/ci/system/core/CodeIgniter.php:532}() /home/ubuntu/workspace/ci/system/core/CodeIgniter.php:532
[09-Nov-2017 00:56:19 UTC] PHP   4. Login->auth() /home/ubuntu/workspace/ci/system/core/CodeIgniter.php:532
[09-Nov-2017 00:56:19 UTC] PHP   5. require_once() /home/ubuntu/workspace/ci/application/controllers/Login.php:16
[09-Nov-2017 01:01:16 UTC] PHP Parse error:  syntax error, unexpected '*' in /home/ubuntu/workspace/ci/application/controllers/Login.php on line 41
[09-Nov-2017 01:01:16 UTC] PHP Stack trace:
[09-Nov-2017 01:01:16 UTC] PHP   1. {main}() /home/ubuntu/workspace/ci/index.php:0
[09-Nov-2017 01:01:16 UTC] PHP   2. require_once() /home/ubuntu/workspace/ci/index.php:320
[09-Nov-2017 01:01:34 UTC] PHP Parse error:  syntax error, unexpected '*' in /home/ubuntu/workspace/ci/application/controllers/Login.php on line 41
[09-Nov-2017 01:01:34 UTC] PHP Stack trace:
[09-Nov-2017 01:01:34 UTC] PHP   1. {main}() /home/ubuntu/workspace/ci/index.php:0
[09-Nov-2017 01:01:34 UTC] PHP   2. require_once() /home/ubuntu/workspace/ci/index.php:320
[09-Nov-2017 01:01:54 UTC] PHP Parse error:  syntax error, unexpected '*' in /home/ubuntu/workspace/ci/application/controllers/Login.php on line 41
[09-Nov-2017 01:01:54 UTC] PHP Stack trace:
[09-Nov-2017 01:01:54 UTC] PHP   1. {main}() /home/ubuntu/workspace/ci/index.php:0
[09-Nov-2017 01:01:54 UTC] PHP   2. require_once() /home/ubuntu/workspace/ci/index.php:320
[09-Nov-2017 01:05:43 UTC] PHP Fatal error:  Call to a member function getUser() on a non-object in /home/ubuntu/workspace/ci/application/controllers/Login.php on line 22
[09-Nov-2017 01:05:43 UTC] PHP Stack trace:
[09-Nov-2017 01:05:43 UTC] PHP   1. {main}() /home/ubuntu/workspace/ci/index.php:0
[09-Nov-2017 01:05:43 UTC] PHP   2. require_once() /home/ubuntu/workspace/ci/index.php:320
[09-Nov-2017 01:05:43 UTC] PHP   3. call_user_func_array:{/home/ubuntu/workspace/ci/system/core/CodeIgniter.php:532}() /home/ubuntu/workspace/ci/system/core/CodeIgniter.php:532
[09-Nov-2017 01:05:43 UTC] PHP   4. Login->auth() /home/ubuntu/workspace/ci/system/core/CodeIgniter.php:532
[09-Nov-2017 01:07:02 UTC] PHP Fatal error:  Class 'CI_Model' not found in /home/ubuntu/workspace/ci/application/models/usuarioDAO.php on line 2
[09-Nov-2017 01:07:02 UTC] PHP Stack trace:
[09-Nov-2017 01:07:02 UTC] PHP   1. {main}() /home/ubuntu/workspace/ci/index.php:0
[09-Nov-2017 01:07:02 UTC] PHP   2. require_once() /home/ubuntu/workspace/ci/index.php:320
[09-Nov-2017 01:07:02 UTC] PHP   3. call_user_func_array:{/home/ubuntu/workspace/ci/system/core/CodeIgniter.php:532}() /home/ubuntu/workspace/ci/system/core/CodeIgniter.php:532
[09-Nov-2017 01:07:02 UTC] PHP   4. Login->auth() /home/ubuntu/workspace/ci/system/core/CodeIgniter.php:532
[09-Nov-2017 01:07:02 UTC] PHP   5. require_once() /home/ubuntu/workspace/ci/application/controllers/Login.php:17
[09-Nov-2017 01:11:56 UTC] PHP Fatal error:  Cannot use object of type CI_Session as array in /home/ubuntu/workspace/ci/application/controllers/Login.php on line 40
[09-Nov-2017 01:11:56 UTC] PHP Stack trace:
[09-Nov-2017 01:11:56 UTC] PHP   1. {main}() /home/ubuntu/workspace/ci/index.php:0
[09-Nov-2017 01:11:56 UTC] PHP   2. require_once() /home/ubuntu/workspace/ci/index.php:320
[09-Nov-2017 01:11:56 UTC] PHP   3. call_user_func_array:{/home/ubuntu/workspace/ci/system/core/CodeIgniter.php:532}() /home/ubuntu/workspace/ci/system/core/CodeIgniter.php:532
[09-Nov-2017 01:11:56 UTC] PHP   4. Login->auth() /home/ubuntu/workspace/ci/system/core/CodeIgniter.php:532
[09-Nov-2017 01:12:32 UTC] PHP Fatal error:  Call to undefined method Login::session() in /home/ubuntu/workspace/ci/application/controllers/Login.php on line 35
[09-Nov-2017 01:12:32 UTC] PHP Stack trace:
[09-Nov-2017 01:12:32 UTC] PHP   1. {main}() /home/ubuntu/workspace/ci/index.php:0
[09-Nov-2017 01:12:32 UTC] PHP   2. require_once() /home/ubuntu/workspace/ci/index.php:320
[09-Nov-2017 01:12:32 UTC] PHP   3. call_user_func_array:{/home/ubuntu/workspace/ci/system/core/CodeIgniter.php:532}() /home/ubuntu/workspace/ci/system/core/CodeIgniter.php:532
[09-Nov-2017 01:12:32 UTC] PHP   4. Login->auth() /home/ubuntu/workspace/ci/system/core/CodeIgniter.php:532
[09-Nov-2017 01:21:39 UTC] PHP Fatal error:  Call to a member function getUser() on a non-object in /home/ubuntu/workspace/ci/application/controllers/Login.php on line 22
[09-Nov-2017 01:21:39 UTC] PHP Stack trace:
[09-Nov-2017 01:21:39 UTC] PHP   1. {main}() /home/ubuntu/workspace/ci/index.php:0
[09-Nov-2017 01:21:39 UTC] PHP   2. require_once() /home/ubuntu/workspace/ci/index.php:320
[09-Nov-2017 01:21:39 UTC] PHP   3. call_user_func_array:{/home/ubuntu/workspace/ci/system/core/CodeIgniter.php:532}() /home/ubuntu/workspace/ci/system/core/CodeIgniter.php:532
[09-Nov-2017 01:21:39 UTC] PHP   4. Login->auth() /home/ubuntu/workspace/ci/system/core/CodeIgniter.php:532
[09-Nov-2017 01:29:58 UTC] PHP Fatal error:  Call to a member function getUser() on a non-object in /home/ubuntu/workspace/ci/application/controllers/Login.php on line 22
[09-Nov-2017 01:29:58 UTC] PHP Stack trace:
[09-Nov-2017 01:29:58 UTC] PHP   1. {main}() /home/ubuntu/workspace/ci/index.php:0
[09-Nov-2017 01:29:58 UTC] PHP   2. require_once() /home/ubuntu/workspace/ci/index.php:320
[09-Nov-2017 01:29:58 UTC] PHP   3. call_user_func_array:{/home/ubuntu/workspace/ci/system/core/CodeIgniter.php:532}() /home/ubuntu/workspace/ci/system/core/CodeIgniter.php:532
[09-Nov-2017 01:29:58 UTC] PHP   4. Login->auth() /home/ubuntu/workspace/ci/system/core/CodeIgniter.php:532
[09-Nov-2017 01:30:33 UTC] PHP Fatal error:  Call to a member function getUser() on a non-object in /home/ubuntu/workspace/ci/application/controllers/Login.php on line 22
[09-Nov-2017 01:30:33 UTC] PHP Stack trace:
[09-Nov-2017 01:30:33 UTC] PHP   1. {main}() /home/ubuntu/workspace/ci/index.php:0
[09-Nov-2017 01:30:33 UTC] PHP   2. require_once() /home/ubuntu/workspace/ci/index.php:320
[09-Nov-2017 01:30:33 UTC] PHP   3. call_user_func_array:{/home/ubuntu/workspace/ci/system/core/CodeIgniter.php:532}() /home/ubuntu/workspace/ci/system/core/CodeIgniter.php:532
[09-Nov-2017 01:30:33 UTC] PHP   4. Login->auth() /home/ubuntu/workspace/ci/system/core/CodeIgniter.php:532
[09-Nov-2017 01:30:41 UTC] PHP Fatal error:  Call to a member function getUser() on a non-object in /home/ubuntu/workspace/ci/application/controllers/Login.php on line 22
[09-Nov-2017 01:30:41 UTC] PHP Stack trace:
[09-Nov-2017 01:30:41 UTC] PHP   1. {main}() /home/ubuntu/workspace/ci/index.php:0
[09-Nov-2017 01:30:41 UTC] PHP   2. require_once() /home/ubuntu/workspace/ci/index.php:320
[09-Nov-2017 01:30:41 UTC] PHP   3. call_user_func_array:{/home/ubuntu/workspace/ci/system/core/CodeIgniter.php:532}() /home/ubuntu/workspace/ci/system/core/CodeIgniter.php:532
[09-Nov-2017 01:30:41 UTC] PHP   4. Login->auth() /home/ubuntu/workspace/ci/system/core/CodeIgniter.php:532
[09-Nov-2017 01:31:17 UTC] PHP Fatal error:  Call to a member function getUser() on a non-object in /home/ubuntu/workspace/ci/application/controllers/Login.php on line 22
[09-Nov-2017 01:31:17 UTC] PHP Stack trace:
[09-Nov-2017 01:31:17 UTC] PHP   1. {main}() /home/ubuntu/workspace/ci/index.php:0
[09-Nov-2017 01:31:17 UTC] PHP   2. require_once() /home/ubuntu/workspace/ci/index.php:320
[09-Nov-2017 01:31:17 UTC] PHP   3. call_user_func_array:{/home/ubuntu/workspace/ci/system/core/CodeIgniter.php:532}() /home/ubuntu/workspace/ci/system/core/CodeIgniter.php:532
[09-Nov-2017 01:31:17 UTC] PHP   4. Login->auth() /home/ubuntu/workspace/ci/system/core/CodeIgniter.php:532
[09-Nov-2017 01:31:24 UTC] PHP Fatal error:  Call to a member function getUser() on a non-object in /home/ubuntu/workspace/ci/application/controllers/Login.php on line 22
[09-Nov-2017 01:31:24 UTC] PHP Stack trace:
[09-Nov-2017 01:31:24 UTC] PHP   1. {main}() /home/ubuntu/workspace/ci/index.php:0
[09-Nov-2017 01:31:24 UTC] PHP   2. require_once() /home/ubuntu/workspace/ci/index.php:320
[09-Nov-2017 01:31:24 UTC] PHP   3. call_user_func_array:{/home/ubuntu/workspace/ci/system/core/CodeIgniter.php:532}() /home/ubuntu/workspace/ci/system/core/CodeIgniter.php:532
[09-Nov-2017 01:31:24 UTC] PHP   4. Login->auth() /home/ubuntu/workspace/ci/system/core/CodeIgniter.php:532
[09-Nov-2017 01:31:43 UTC] PHP Fatal error:  Call to a member function getUser() on a non-object in /home/ubuntu/workspace/ci/application/controllers/Login.php on line 22
[09-Nov-2017 01:31:43 UTC] PHP Stack trace:
[09-Nov-2017 01:31:43 UTC] PHP   1. {main}() /home/ubuntu/workspace/ci/index.php:0
[09-Nov-2017 01:31:43 UTC] PHP   2. require_once() /home/ubuntu/workspace/ci/index.php:320
[09-Nov-2017 01:31:43 UTC] PHP   3. call_user_func_array:{/home/ubuntu/workspace/ci/system/core/CodeIgniter.php:532}() /home/ubuntu/workspace/ci/system/core/CodeIgniter.php:532
[09-Nov-2017 01:31:43 UTC] PHP   4. Login->auth() /home/ubuntu/workspace/ci/system/core/CodeIgniter.php:532
[09-Nov-2017 01:32:26 UTC] PHP Fatal error:  Call to a member function getUser() on a non-object in /home/ubuntu/workspace/ci/application/controllers/Login.php on line 22
[09-Nov-2017 01:32:26 UTC] PHP Stack trace:
[09-Nov-2017 01:32:26 UTC] PHP   1. {main}() /home/ubuntu/workspace/ci/index.php:0
[09-Nov-2017 01:32:26 UTC] PHP   2. require_once() /home/ubuntu/workspace/ci/index.php:320
[09-Nov-2017 01:32:26 UTC] PHP   3. call_user_func_array:{/home/ubuntu/workspace/ci/system/core/CodeIgniter.php:532}() /home/ubuntu/workspace/ci/system/core/CodeIgniter.php:532
[09-Nov-2017 01:32:26 UTC] PHP   4. Login->auth() /home/ubuntu/workspace/ci/system/core/CodeIgniter.php:532
[09-Nov-2017 01:34:42 UTC] PHP Fatal error:  Call to a member function teste() on a non-object in /home/ubuntu/workspace/ci/application/controllers/Login.php on line 24
[09-Nov-2017 01:34:42 UTC] PHP Stack trace:
[09-Nov-2017 01:34:42 UTC] PHP   1. {main}() /home/ubuntu/workspace/ci/index.php:0
[09-Nov-2017 01:34:42 UTC] PHP   2. require_once() /home/ubuntu/workspace/ci/index.php:320
[09-Nov-2017 01:34:42 UTC] PHP   3. call_user_func_array:{/home/ubuntu/workspace/ci/system/core/CodeIgniter.php:532}() /home/ubuntu/workspace/ci/system/core/CodeIgniter.php:532
[09-Nov-2017 01:34:42 UTC] PHP   4. Login->auth() /home/ubuntu/workspace/ci/system/core/CodeIgniter.php:532
[09-Nov-2017 01:35:16 UTC] PHP Fatal error:  Call to a member function teste() on a non-object in /home/ubuntu/workspace/ci/application/controllers/Login.php on line 24
[09-Nov-2017 01:35:16 UTC] PHP Stack trace:
[09-Nov-2017 01:35:16 UTC] PHP   1. {main}() /home/ubuntu/workspace/ci/index.php:0
[09-Nov-2017 01:35:16 UTC] PHP   2. require_once() /home/ubuntu/workspace/ci/index.php:320
[09-Nov-2017 01:35:16 UTC] PHP   3. call_user_func_array:{/home/ubuntu/workspace/ci/system/core/CodeIgniter.php:532}() /home/ubuntu/workspace/ci/system/core/CodeIgniter.php:532
[09-Nov-2017 01:35:16 UTC] PHP   4. Login->auth() /home/ubuntu/workspace/ci/system/core/CodeIgniter.php:532
[09-Nov-2017 01:35:43 UTC] PHP Fatal error:  Call to a member function teste() on a non-object in /home/ubuntu/workspace/ci/application/controllers/Login.php on line 24
[09-Nov-2017 01:35:43 UTC] PHP Stack trace:
[09-Nov-2017 01:35:43 UTC] PHP   1. {main}() /home/ubuntu/workspace/ci/index.php:0
[09-Nov-2017 01:35:43 UTC] PHP   2. require_once() /home/ubuntu/workspace/ci/index.php:320
[09-Nov-2017 01:35:43 UTC] PHP   3. call_user_func_array:{/home/ubuntu/workspace/ci/system/core/CodeIgniter.php:532}() /home/ubuntu/workspace/ci/system/core/CodeIgniter.php:532
[09-Nov-2017 01:35:43 UTC] PHP   4. Login->auth() /home/ubuntu/workspace/ci/system/core/CodeIgniter.php:532
[09-Nov-2017 01:38:01 UTC] PHP Fatal error:  Call to a member function teste() on a non-object in /home/ubuntu/workspace/ci/application/controllers/Login.php on line 22
[09-Nov-2017 01:38:01 UTC] PHP Stack trace:
[09-Nov-2017 01:38:01 UTC] PHP   1. {main}() /home/ubuntu/workspace/ci/index.php:0
[09-Nov-2017 01:38:01 UTC] PHP   2. require_once() /home/ubuntu/workspace/ci/index.php:320
[09-Nov-2017 01:38:01 UTC] PHP   3. call_user_func_array:{/home/ubuntu/workspace/ci/system/core/CodeIgniter.php:532}() /home/ubuntu/workspace/ci/system/core/CodeIgniter.php:532
[09-Nov-2017 01:38:01 UTC] PHP   4. Login->auth() /home/ubuntu/workspace/ci/system/core/CodeIgniter.php:532
[09-Nov-2017 01:38:58 UTC] PHP Fatal error:  Call to a member function teste() on a non-object in /home/ubuntu/workspace/ci/application/controllers/Login.php on line 22
[09-Nov-2017 01:38:58 UTC] PHP Stack trace:
[09-Nov-2017 01:38:58 UTC] PHP   1. {main}() /home/ubuntu/workspace/ci/index.php:0
[09-Nov-2017 01:38:58 UTC] PHP   2. require_once() /home/ubuntu/workspace/ci/index.php:320
[09-Nov-2017 01:38:58 UTC] PHP   3. call_user_func_array:{/home/ubuntu/workspace/ci/system/core/CodeIgniter.php:532}() /home/ubuntu/workspace/ci/system/core/CodeIgniter.php:532
[09-Nov-2017 01:38:58 UTC] PHP   4. Login->auth() /home/ubuntu/workspace/ci/system/core/CodeIgniter.php:532
[09-Nov-2017 01:39:46 UTC] PHP Fatal error:  Call to undefined method UsuarioDAO::teste() in /home/ubuntu/workspace/ci/application/controllers/Login.php on line 22
[09-Nov-2017 01:39:46 UTC] PHP Stack trace:
[09-Nov-2017 01:39:46 UTC] PHP   1. {main}() /home/ubuntu/workspace/ci/index.php:0
[09-Nov-2017 01:39:46 UTC] PHP   2. require_once() /home/ubuntu/workspace/ci/index.php:320
[09-Nov-2017 01:39:46 UTC] PHP   3. call_user_func_array:{/home/ubuntu/workspace/ci/system/core/CodeIgniter.php:532}() /home/ubuntu/workspace/ci/system/core/CodeIgniter.php:532
[09-Nov-2017 01:39:46 UTC] PHP   4. Login->auth() /home/ubuntu/workspace/ci/system/core/CodeIgniter.php:532
[09-Nov-2017 01:40:13 UTC] PHP Fatal error:  require_once(): Failed opening required '/home/ubuntu/workspace/ci/application/models/usuarioModel.php' (include_path='.:/usr/share/php:/usr/share/pear') in /home/ubuntu/workspace/ci/application/models/Usuariodao.php on line 10
[09-Nov-2017 01:40:13 UTC] PHP Stack trace:
[09-Nov-2017 01:40:13 UTC] PHP   1. {main}() /home/ubuntu/workspace/ci/index.php:0
[09-Nov-2017 01:40:13 UTC] PHP   2. require_once() /home/ubuntu/workspace/ci/index.php:320
[09-Nov-2017 01:40:13 UTC] PHP   3. call_user_func_array:{/home/ubuntu/workspace/ci/system/core/CodeIgniter.php:532}() /home/ubuntu/workspace/ci/system/core/CodeIgniter.php:532
[09-Nov-2017 01:40:13 UTC] PHP   4. Login->auth() /home/ubuntu/workspace/ci/system/core/CodeIgniter.php:532
[09-Nov-2017 01:40:13 UTC] PHP   5. UsuarioDAO->getUser() /home/ubuntu/workspace/ci/application/controllers/Login.php:22
[09-Nov-2017 01:40:21 UTC] PHP Fatal error:  require_once(): Failed opening required '/home/ubuntu/workspace/ci/application/models/usuarioModel.php' (include_path='.:/usr/share/php:/usr/share/pear') in /home/ubuntu/workspace/ci/application/models/Usuariodao.php on line 10
[09-Nov-2017 01:40:21 UTC] PHP Stack trace:
[09-Nov-2017 01:40:21 UTC] PHP   1. {main}() /home/ubuntu/workspace/ci/index.php:0
[09-Nov-2017 01:40:21 UTC] PHP   2. require_once() /home/ubuntu/workspace/ci/index.php:320
[09-Nov-2017 01:40:21 UTC] PHP   3. call_user_func_array:{/home/ubuntu/workspace/ci/system/core/CodeIgniter.php:532}() /home/ubuntu/workspace/ci/system/core/CodeIgniter.php:532
[09-Nov-2017 01:40:21 UTC] PHP   4. Login->auth() /home/ubuntu/workspace/ci/system/core/CodeIgniter.php:532
[09-Nov-2017 01:40:21 UTC] PHP   5. UsuarioDAO->getUser() /home/ubuntu/workspace/ci/application/controllers/Login.php:22
[09-Nov-2017 01:41:00 UTC] PHP Fatal error:  require_once(): Failed opening required '/home/ubuntu/workspace/ci/application/models/usuarioModel.php' (include_path='.:/usr/share/php:/usr/share/pear') in /home/ubuntu/workspace/ci/application/models/Usuariodao.php on line 10
[09-Nov-2017 01:41:00 UTC] PHP Stack trace:
[09-Nov-2017 01:41:00 UTC] PHP   1. {main}() /home/ubuntu/workspace/ci/index.php:0
[09-Nov-2017 01:41:00 UTC] PHP   2. require_once() /home/ubuntu/workspace/ci/index.php:320
[09-Nov-2017 01:41:00 UTC] PHP   3. call_user_func_array:{/home/ubuntu/workspace/ci/system/core/CodeIgniter.php:532}() /home/ubuntu/workspace/ci/system/core/CodeIgniter.php:532
[09-Nov-2017 01:41:00 UTC] PHP   4. Login->auth() /home/ubuntu/workspace/ci/system/core/CodeIgniter.php:532
[09-Nov-2017 01:41:00 UTC] PHP   5. UsuarioDAO->getUser() /home/ubuntu/workspace/ci/application/controllers/Login.php:22
[09-Nov-2017 01:41:21 UTC] PHP Parse error:  syntax error, unexpected 'else' (T_ELSE), expecting function (T_FUNCTION) in /home/ubuntu/workspace/ci/application/models/Usuariodao.php on line 20
[09-Nov-2017 01:41:21 UTC] PHP Stack trace:
[09-Nov-2017 01:41:21 UTC] PHP   1. {main}() /home/ubuntu/workspace/ci/index.php:0
[09-Nov-2017 01:41:21 UTC] PHP   2. require_once() /home/ubuntu/workspace/ci/index.php:320
[09-Nov-2017 01:41:21 UTC] PHP   3. call_user_func_array:{/home/ubuntu/workspace/ci/system/core/CodeIgniter.php:532}() /home/ubuntu/workspace/ci/system/core/CodeIgniter.php:532
[09-Nov-2017 01:41:21 UTC] PHP   4. Login->auth() /home/ubuntu/workspace/ci/system/core/CodeIgniter.php:532
[09-Nov-2017 01:41:21 UTC] PHP   5. CI_Loader->model() /home/ubuntu/workspace/ci/application/controllers/Login.php:18
[09-Nov-2017 01:41:36 UTC] PHP Parse error:  syntax error, unexpected 'else' (T_ELSE), expecting function (T_FUNCTION) in /home/ubuntu/workspace/ci/application/models/Usuariodao.php on line 20
[09-Nov-2017 01:41:36 UTC] PHP Stack trace:
[09-Nov-2017 01:41:36 UTC] PHP   1. {main}() /home/ubuntu/workspace/ci/index.php:0
[09-Nov-2017 01:41:36 UTC] PHP   2. require_once() /home/ubuntu/workspace/ci/index.php:320
[09-Nov-2017 01:41:36 UTC] PHP   3. call_user_func_array:{/home/ubuntu/workspace/ci/system/core/CodeIgniter.php:532}() /home/ubuntu/workspace/ci/system/core/CodeIgniter.php:532
[09-Nov-2017 01:41:36 UTC] PHP   4. Login->auth() /home/ubuntu/workspace/ci/system/core/CodeIgniter.php:532
[09-Nov-2017 01:41:36 UTC] PHP   5. CI_Loader->model() /home/ubuntu/workspace/ci/application/controllers/Login.php:18
[09-Nov-2017 01:42:50 UTC] PHP Parse error:  syntax error, unexpected 'else' (T_ELSE), expecting function (T_FUNCTION) in /home/ubuntu/workspace/ci/application/models/Usuariodao.php on line 20
[09-Nov-2017 01:42:50 UTC] PHP Stack trace:
[09-Nov-2017 01:42:50 UTC] PHP   1. {main}() /home/ubuntu/workspace/ci/index.php:0
[09-Nov-2017 01:42:50 UTC] PHP   2. require_once() /home/ubuntu/workspace/ci/index.php:320
[09-Nov-2017 01:42:50 UTC] PHP   3. call_user_func_array:{/home/ubuntu/workspace/ci/system/core/CodeIgniter.php:532}() /home/ubuntu/workspace/ci/system/core/CodeIgniter.php:532
[09-Nov-2017 01:42:50 UTC] PHP   4. Login->auth() /home/ubuntu/workspace/ci/system/core/CodeIgniter.php:532
[09-Nov-2017 01:42:50 UTC] PHP   5. CI_Loader->model() /home/ubuntu/workspace/ci/application/controllers/Login.php:18
[09-Nov-2017 01:44:56 UTC] PHP Parse error:  syntax error, unexpected 'else' (T_ELSE), expecting function (T_FUNCTION) in /home/ubuntu/workspace/ci/application/models/Usuariodao.php on line 20
[09-Nov-2017 01:44:56 UTC] PHP Stack trace:
[09-Nov-2017 01:44:56 UTC] PHP   1. {main}() /home/ubuntu/workspace/ci/index.php:0
[09-Nov-2017 01:44:56 UTC] PHP   2. require_once() /home/ubuntu/workspace/ci/index.php:320
[09-Nov-2017 01:44:56 UTC] PHP   3. call_user_func_array:{/home/ubuntu/workspace/ci/system/core/CodeIgniter.php:532}() /home/ubuntu/workspace/ci/system/core/CodeIgniter.php:532
[09-Nov-2017 01:44:56 UTC] PHP   4. Login->auth() /home/ubuntu/workspace/ci/system/core/CodeIgniter.php:532
[09-Nov-2017 01:44:56 UTC] PHP   5. CI_Loader->model() /home/ubuntu/workspace/ci/application/controllers/Login.php:18
[09-Nov-2017 01:46:23 UTC] PHP Fatal error:  require_once(): Failed opening required '/home/ubuntu/workspace/ci/application/models/usuarioModel.php' (include_path='.:/usr/share/php:/usr/share/pear') in /home/ubuntu/workspace/ci/application/models/Usuariodao.php on line 10
[09-Nov-2017 01:46:23 UTC] PHP Stack trace:
[09-Nov-2017 01:46:23 UTC] PHP   1. {main}() /home/ubuntu/workspace/ci/index.php:0
[09-Nov-2017 01:46:23 UTC] PHP   2. require_once() /home/ubuntu/workspace/ci/index.php:320
[09-Nov-2017 01:46:23 UTC] PHP   3. call_user_func_array:{/home/ubuntu/workspace/ci/system/core/CodeIgniter.php:532}() /home/ubuntu/workspace/ci/system/core/CodeIgniter.php:532
[09-Nov-2017 01:46:23 UTC] PHP   4. Login->auth() /home/ubuntu/workspace/ci/system/core/CodeIgniter.php:532
[09-Nov-2017 01:46:23 UTC] PHP   5. UsuarioDAO->getUser() /home/ubuntu/workspace/ci/application/controllers/Login.php:22
[09-Nov-2017 01:47:03 UTC] PHP Parse error:  syntax error, unexpected '*' in /home/ubuntu/workspace/ci/application/models/Usuariodao.php on line 19
[09-Nov-2017 01:47:03 UTC] PHP Stack trace:
[09-Nov-2017 01:47:03 UTC] PHP   1. {main}() /home/ubuntu/workspace/ci/index.php:0
[09-Nov-2017 01:47:03 UTC] PHP   2. require_once() /home/ubuntu/workspace/ci/index.php:320
[09-Nov-2017 01:47:03 UTC] PHP   3. call_user_func_array:{/home/ubuntu/workspace/ci/system/core/CodeIgniter.php:532}() /home/ubuntu/workspace/ci/system/core/CodeIgniter.php:532
[09-Nov-2017 01:47:03 UTC] PHP   4. Login->auth() /home/ubuntu/workspace/ci/system/core/CodeIgniter.php:532
[09-Nov-2017 01:47:03 UTC] PHP   5. CI_Loader->model() /home/ubuntu/workspace/ci/application/controllers/Login.php:18
[09-Nov-2017 01:47:09 UTC] PHP Parse error:  syntax error, unexpected '*' in /home/ubuntu/workspace/ci/application/models/Usuariodao.php on line 19
[09-Nov-2017 01:47:09 UTC] PHP Stack trace:
[09-Nov-2017 01:47:09 UTC] PHP   1. {main}() /home/ubuntu/workspace/ci/index.php:0
[09-Nov-2017 01:47:09 UTC] PHP   2. require_once() /home/ubuntu/workspace/ci/index.php:320
[09-Nov-2017 01:47:09 UTC] PHP   3. call_user_func_array:{/home/ubuntu/workspace/ci/system/core/CodeIgniter.php:532}() /home/ubuntu/workspace/ci/system/core/CodeIgniter.php:532
[09-Nov-2017 01:47:09 UTC] PHP   4. Login->auth() /home/ubuntu/workspace/ci/system/core/CodeIgniter.php:532
[09-Nov-2017 01:47:09 UTC] PHP   5. CI_Loader->model() /home/ubuntu/workspace/ci/application/controllers/Login.php:18
[09-Nov-2017 01:51:16 UTC] PHP Fatal error:  Cannot use isset() on the result of a function call (you can use "null !== func()" instead) in /home/ubuntu/workspace/ci/application/controllers/Login.php on line 31
[09-Nov-2017 01:51:16 UTC] PHP Stack trace:
[09-Nov-2017 01:51:16 UTC] PHP   1. {main}() /home/ubuntu/workspace/ci/index.php:0
[09-Nov-2017 01:51:16 UTC] PHP   2. require_once() /home/ubuntu/workspace/ci/index.php:320
[09-Nov-2017 01:51:22 UTC] PHP Fatal error:  Cannot use isset() on the result of a function call (you can use "null !== func()" instead) in /home/ubuntu/workspace/ci/application/controllers/Login.php on line 31
[09-Nov-2017 01:51:22 UTC] PHP Stack trace:
[09-Nov-2017 01:51:22 UTC] PHP   1. {main}() /home/ubuntu/workspace/ci/index.php:0
[09-Nov-2017 01:51:22 UTC] PHP   2. require_once() /home/ubuntu/workspace/ci/index.php:320
[09-Nov-2017 01:51:50 UTC] PHP Fatal error:  Cannot use isset() on the result of a function call (you can use "null !== func()" instead) in /home/ubuntu/workspace/ci/application/controllers/Login.php on line 31
[09-Nov-2017 01:51:50 UTC] PHP Stack trace:
[09-Nov-2017 01:51:50 UTC] PHP   1. {main}() /home/ubuntu/workspace/ci/index.php:0
[09-Nov-2017 01:51:50 UTC] PHP   2. require_once() /home/ubuntu/workspace/ci/index.php:320
[09-Nov-2017 11:36:58 UTC] PHP Fatal error:  require_once(): Failed opening required '/home/ubuntu/workspace/ci/application/models/Usuariomodel.php' (include_path='.:/usr/share/php:/usr/share/pear') in /home/ubuntu/workspace/ci/application/models/Usuariodao.php on line 10
[09-Nov-2017 11:36:58 UTC] PHP Stack trace:
[09-Nov-2017 11:36:58 UTC] PHP   1. {main}() /home/ubuntu/workspace/ci/index.php:0
[09-Nov-2017 11:36:58 UTC] PHP   2. require_once() /home/ubuntu/workspace/ci/index.php:320
[09-Nov-2017 11:36:58 UTC] PHP   3. call_user_func_array:{/home/ubuntu/workspace/ci/system/core/CodeIgniter.php:532}() /home/ubuntu/workspace/ci/system/core/CodeIgniter.php:532
[09-Nov-2017 11:36:58 UTC] PHP   4. Login->auth() /home/ubuntu/workspace/ci/system/core/CodeIgniter.php:532
[09-Nov-2017 11:36:58 UTC] PHP   5. UsuarioDAO->getUser() /home/ubuntu/workspace/ci/application/controllers/Login.php:22
[09-Nov-2017 12:06:18 UTC] PHP Fatal error:  Call to a member function num_rows() on a non-object in /home/ubuntu/workspace/ci/application/models/Usuariodao.php on line 11
[09-Nov-2017 12:06:18 UTC] PHP Stack trace:
[09-Nov-2017 12:06:18 UTC] PHP   1. {main}() /home/ubuntu/workspace/ci/index.php:0
[09-Nov-2017 12:06:18 UTC] PHP   2. require_once() /home/ubuntu/workspace/ci/index.php:320
[09-Nov-2017 12:06:18 UTC] PHP   3. call_user_func_array:{/home/ubuntu/workspace/ci/system/core/CodeIgniter.php:532}() /home/ubuntu/workspace/ci/system/core/CodeIgniter.php:532
[09-Nov-2017 12:06:18 UTC] PHP   4. Login->auth() /home/ubuntu/workspace/ci/system/core/CodeIgniter.php:532
[09-Nov-2017 12:06:18 UTC] PHP   5. UsuarioDAO->getUser() /home/ubuntu/workspace/ci/application/controllers/Login.php:22
[09-Nov-2017 12:07:12 UTC] PHP Fatal error:  Call to a member function num_rows() on a non-object in /home/ubuntu/workspace/ci/application/models/Usuariodao.php on line 11
[09-Nov-2017 12:07:12 UTC] PHP Stack trace:
[09-Nov-2017 12:07:12 UTC] PHP   1. {main}() /home/ubuntu/workspace/ci/index.php:0
[09-Nov-2017 12:07:12 UTC] PHP   2. require_once() /home/ubuntu/workspace/ci/index.php:320
[09-Nov-2017 12:07:12 UTC] PHP   3. call_user_func_array:{/home/ubuntu/workspace/ci/system/core/CodeIgniter.php:532}() /home/ubuntu/workspace/ci/system/core/CodeIgniter.php:532
[09-Nov-2017 12:07:12 UTC] PHP   4. Login->auth() /home/ubuntu/workspace/ci/system/core/CodeIgniter.php:532
[09-Nov-2017 12:07:12 UTC] PHP   5. UsuarioDAO->getUser() /home/ubuntu/workspace/ci/application/controllers/Login.php:22
[09-Nov-2017 12:13:29 UTC] PHP Fatal error:  Cannot use isset() on the result of a function call (you can use "null !== func()" instead) in /home/ubuntu/workspace/ci/application/controllers/Login.php on line 30
[09-Nov-2017 12:13:29 UTC] PHP Stack trace:
[09-Nov-2017 12:13:29 UTC] PHP   1. {main}() /home/ubuntu/workspace/ci/index.php:0
[09-Nov-2017 12:13:29 UTC] PHP   2. require_once() /home/ubuntu/workspace/ci/index.php:320
[09-Nov-2017 12:16:54 UTC] PHP Fatal error:  Call to a member function load() on a non-object in /home/ubuntu/workspace/ci/application/controllers/Page.php on line 15
[09-Nov-2017 12:16:54 UTC] PHP Stack trace:
[09-Nov-2017 12:16:54 UTC] PHP   1. {main}() /home/ubuntu/workspace/ci/index.php:0
[09-Nov-2017 12:16:54 UTC] PHP   2. require_once() /home/ubuntu/workspace/ci/index.php:320
[09-Nov-2017 12:16:54 UTC] PHP   3. call_user_func_array:{/home/ubuntu/workspace/ci/system/core/CodeIgniter.php:532}() /home/ubuntu/workspace/ci/system/core/CodeIgniter.php:532
[09-Nov-2017 12:16:54 UTC] PHP   4. Page->teste() /home/ubuntu/workspace/ci/system/core/CodeIgniter.php:532
[09-Nov-2017 12:18:25 UTC] PHP Fatal error:  Call to a member function load() on a non-object in /home/ubuntu/workspace/ci/application/controllers/Page.php on line 15
[09-Nov-2017 12:18:25 UTC] PHP Stack trace:
[09-Nov-2017 12:18:25 UTC] PHP   1. {main}() /home/ubuntu/workspace/ci/index.php:0
[09-Nov-2017 12:18:25 UTC] PHP   2. require_once() /home/ubuntu/workspace/ci/index.php:320
[09-Nov-2017 12:18:25 UTC] PHP   3. call_user_func_array:{/home/ubuntu/workspace/ci/system/core/CodeIgniter.php:532}() /home/ubuntu/workspace/ci/system/core/CodeIgniter.php:532
[09-Nov-2017 12:18:25 UTC] PHP   4. Page->teste() /home/ubuntu/workspace/ci/system/core/CodeIgniter.php:532
[09-Nov-2017 12:18:59 UTC] PHP Fatal error:  Call to a member function load() on a non-object in /home/ubuntu/workspace/ci/application/controllers/Page.php on line 15
[09-Nov-2017 12:18:59 UTC] PHP Stack trace:
[09-Nov-2017 12:18:59 UTC] PHP   1. {main}() /home/ubuntu/workspace/ci/index.php:0
[09-Nov-2017 12:18:59 UTC] PHP   2. require_once() /home/ubuntu/workspace/ci/index.php:320
[09-Nov-2017 12:18:59 UTC] PHP   3. call_user_func_array:{/home/ubuntu/workspace/ci/system/core/CodeIgniter.php:532}() /home/ubuntu/workspace/ci/system/core/CodeIgniter.php:532
[09-Nov-2017 12:18:59 UTC] PHP   4. Page->teste() /home/ubuntu/workspace/ci/system/core/CodeIgniter.php:532
[09-Nov-2017 12:43:39 UTC] PHP Fatal error:  Cannot use isset() on the result of a function call (you can use "null !== func()" instead) in /home/ubuntu/workspace/ci/application/controllers/Login.php on line 29
[09-Nov-2017 12:43:39 UTC] PHP Stack trace:
[09-Nov-2017 12:43:39 UTC] PHP   1. {main}() /home/ubuntu/workspace/ci/index.php:0
[09-Nov-2017 12:43:39 UTC] PHP   2. require_once() /home/ubuntu/workspace/ci/index.php:320
